app/build/intermediates/manifest_merge_blame_file/release/processReleaseMainManifest/manifest-merger-blame-release-report.txt
1<?xml version="1.0" encoding="utf-8"?>
2<manifest xmlns:android="http://schemas.android.com/apk/res/android"
3    package="com.casha.app"
4    android:versionCode="1"
5    android:versionName="1.0.0" >
6
7    <uses-sdk
8        android:minSdkVersion="26"
9        android:targetSdkVersion="35" />
10
11    <!-- Permissions -->
12    <uses-permission android:name="android.permission.INTERNET" />
12-->src/main/AndroidManifest.xml:6:5-67
12-->src/main/AndroidManifest.xml:6:22-64
13    <uses-permission android:name="android.permission.ACCESS_NETWORK_STATE" />
13-->src/main/AndroidManifest.xml:7:5-79
13-->src/main/AndroidManifest.xml:7:22-76
14    <uses-permission android:name="android.permission.POST_NOTIFICATIONS" />
14-->src/main/AndroidManifest.xml:8:5-77
14-->src/main/AndroidManifest.xml:8:22-74
15    <uses-permission android:name="android.permission.USE_BIOMETRIC" /> <!-- suppress DeprecatedClassUsageInspection -->
15-->[androidx.biometric:biometric:1.1.0] AndroidManifest.xml:24:5-72
15-->[androidx.biometric:biometric:1.1.0] AndroidManifest.xml:24:22-69
16    <uses-permission android:name="android.permission.USE_FINGERPRINT" />
16-->[androidx.biometric:biometric:1.1.0] AndroidManifest.xml:27:5-74
16-->[androidx.biometric:biometric:1.1.0] AndroidManifest.xml:27:22-71
17    <uses-permission android:name="com.android.vending.BILLING" />
17-->[com.android.billingclient:billing-ktx:7.1.1] AndroidManifest.xml:9:5-67
17-->[com.android.billingclient:billing-ktx:7.1.1] AndroidManifest.xml:9:22-64
18
19    <queries>
19-->[com.android.billingclient:billing:7.1.1] AndroidManifest.xml:12:5-19:15
20        <intent>
20-->[com.android.billingclient:billing:7.1.1] AndroidManifest.xml:13:9-15:18
21            <action android:name="com.android.vending.billing.InAppBillingService.BIND" />
21-->[com.android.billingclient:billing:7.1.1] AndroidManifest.xml:14:13-91
21-->[com.android.billingclient:billing:7.1.1] AndroidManifest.xml:14:21-88
22        </intent>
23        <intent>
23-->[com.android.billingclient:billing:7.1.1] AndroidManifest.xml:16:9-18:18
24            <action android:name="com.google.android.apps.play.billingtestcompanion.BillingOverrideService.BIND" />
24-->[com.android.billingclient:billing:7.1.1] AndroidManifest.xml:17:13-116
24-->[com.android.billingclient:billing:7.1.1] AndroidManifest.xml:17:21-113
25        </intent>
26    </queries>
27
28    <uses-permission android:name="android.permission.WAKE_LOCK" /> <!-- Required by older versions of Google Play services to create IID tokens -->
28-->[com.google.firebase:firebase-messaging:24.1.0] AndroidManifest.xml:24:5-68
28-->[com.google.firebase:firebase-messaging:24.1.0] AndroidManifest.xml:24:22-65
29    <uses-permission android:name="com.google.android.c2dm.permission.RECEIVE" />
29-->[com.google.firebase:firebase-messaging:24.1.0] AndroidManifest.xml:26:5-82
29-->[com.google.firebase:firebase-messaging:24.1.0] AndroidManifest.xml:26:22-79
30    <uses-permission android:name="com.google.android.finsky.permission.BIND_GET_INSTALL_REFERRER_SERVICE" />
30-->[com.google.android.gms:play-services-measurement:22.3.0] AndroidManifest.xml:26:5-110
30-->[com.google.android.gms:play-services-measurement:22.3.0] AndroidManifest.xml:26:22-107
31    <uses-permission android:name="com.google.android.gms.permission.AD_ID" />
31-->[com.google.android.gms:play-services-measurement-impl:22.3.0] AndroidManifest.xml:27:5-79
31-->[com.google.android.gms:play-services-measurement-impl:22.3.0] AndroidManifest.xml:27:22-76
32    <uses-permission android:name="android.permission.ACCESS_ADSERVICES_ATTRIBUTION" />
32-->[com.google.android.gms:play-services-measurement-api:22.3.0] AndroidManifest.xml:26:5-88
32-->[com.google.android.gms:play-services-measurement-api:22.3.0] AndroidManifest.xml:26:22-85
33    <uses-permission android:name="android.permission.ACCESS_ADSERVICES_AD_ID" />
33-->[com.google.android.gms:play-services-measurement-api:22.3.0] AndroidManifest.xml:27:5-82
33-->[com.google.android.gms:play-services-measurement-api:22.3.0] AndroidManifest.xml:27:22-79
34
35    <permission
35-->[androidx.core:core:1.15.0] AndroidManifest.xml:22:5-24:47
36        android:name="com.casha.app.DYNAMIC_RECEIVER_NOT_EXPORTED_PERMISSION"
36-->[androidx.core:core:1.15.0] AndroidManifest.xml:23:9-81
37        android:protectionLevel="signature" />
37-->[androidx.core:core:1.15.0] AndroidManifest.xml:24:9-44
38
39    <uses-permission android:name="com.casha.app.DYNAMIC_RECEIVER_NOT_EXPORTED_PERMISSION" />
39-->[androidx.core:core:1.15.0] AndroidManifest.xml:26:5-97
39-->[androidx.core:core:1.15.0] AndroidManifest.xml:26:22-94
40
41    <application
41-->src/main/AndroidManifest.xml:10:5-46:19
42        android:name="com.casha.app.CashaApplication"
42-->src/main/AndroidManifest.xml:11:9-41
43        android:allowBackup="true"
43-->src/main/AndroidManifest.xml:12:9-35
44        android:appComponentFactory="androidx.core.app.CoreComponentFactory"
44-->[androidx.core:core:1.15.0] AndroidManifest.xml:28:18-86
45        android:extractNativeLibs="false"
46        android:icon="@mipmap/ic_launcher"
46-->src/main/AndroidManifest.xml:13:9-43
47        android:label="@string/app_name"
47-->src/main/AndroidManifest.xml:14:9-41
48        android:roundIcon="@mipmap/ic_launcher_round"
48-->src/main/AndroidManifest.xml:15:9-54
49        android:supportsRtl="true"
49-->src/main/AndroidManifest.xml:16:9-35
50        android:testOnly="true"
51        android:theme="@style/Theme.Casha"
51-->src/main/AndroidManifest.xml:17:9-43
52        android:usesCleartextTraffic="true" >
52-->src/main/AndroidManifest.xml:18:9-44
53        <activity
53-->src/main/AndroidManifest.xml:21:9-29:20
54            android:name="com.casha.app.MainActivity"
54-->src/main/AndroidManifest.xml:22:13-41
55            android:exported="true"
55-->src/main/AndroidManifest.xml:23:13-36
56            android:theme="@style/Theme.Casha" >
56-->src/main/AndroidManifest.xml:24:13-47
57            <intent-filter>
57-->src/main/AndroidManifest.xml:25:13-28:29
58                <action android:name="android.intent.action.MAIN" />
58-->src/main/AndroidManifest.xml:26:17-69
58-->src/main/AndroidManifest.xml:26:25-66
59
60                <category android:name="android.intent.category.LAUNCHER" />
60-->src/main/AndroidManifest.xml:27:17-77
60-->src/main/AndroidManifest.xml:27:27-74
61            </intent-filter>
62        </activity>
63
64        <service
64-->src/main/AndroidManifest.xml:31:9-37:19
65            android:name="com.casha.app.core.notification.CashaFirebaseMessagingService"
65-->src/main/AndroidManifest.xml:32:13-76
66            android:exported="false" >
66-->src/main/AndroidManifest.xml:33:13-37
67            <intent-filter>
67-->src/main/AndroidManifest.xml:34:13-36:29
68                <action android:name="com.google.firebase.MESSAGING_EVENT" />
68-->src/main/AndroidManifest.xml:35:17-78
68-->src/main/AndroidManifest.xml:35:25-75
69            </intent-filter>
70        </service>
71
72        <meta-data
72-->src/main/AndroidManifest.xml:39:9-41:54
73            android:name="com.google.firebase.messaging.default_notification_icon"
73-->src/main/AndroidManifest.xml:40:13-83
74            android:resource="@mipmap/ic_launcher" />
74-->src/main/AndroidManifest.xml:41:13-51
75        <meta-data
75-->src/main/AndroidManifest.xml:42:9-44:49
76            android:name="com.google.firebase.messaging.default_notification_color"
76-->src/main/AndroidManifest.xml:43:13-84
77            android:resource="@color/primary" />
77-->src/main/AndroidManifest.xml:44:13-46
78
79        <service
79-->[androidx.credentials:credentials-play-services-auth:1.5.0-rc01] AndroidManifest.xml:24:9-32:19
80            android:name="androidx.credentials.playservices.CredentialProviderMetadataHolder"
80-->[androidx.credentials:credentials-play-services-auth:1.5.0-rc01] AndroidManifest.xml:25:13-94
81            android:enabled="true"
81-->[androidx.credentials:credentials-play-services-auth:1.5.0-rc01] AndroidManifest.xml:26:13-35
82            android:exported="false" >
82-->[androidx.credentials:credentials-play-services-auth:1.5.0-rc01] AndroidManifest.xml:27:13-37
83            <meta-data
83-->[androidx.credentials:credentials-play-services-auth:1.5.0-rc01] AndroidManifest.xml:29:13-31:104
84                android:name="androidx.credentials.CREDENTIAL_PROVIDER_KEY"
84-->[androidx.credentials:credentials-play-services-auth:1.5.0-rc01] AndroidManifest.xml:30:17-76
85                android:value="androidx.credentials.playservices.CredentialProviderPlayServicesImpl" />
85-->[androidx.credentials:credentials-play-services-auth:1.5.0-rc01] AndroidManifest.xml:31:17-101
86        </service>
87
88        <activity
88-->[androidx.credentials:credentials-play-services-auth:1.5.0-rc01] AndroidManifest.xml:34:9-41:20
89            android:name="androidx.credentials.playservices.HiddenActivity"
89-->[androidx.credentials:credentials-play-services-auth:1.5.0-rc01] AndroidManifest.xml:35:13-76
90            android:configChanges="orientation|screenSize|screenLayout|keyboardHidden"
90-->[androidx.credentials:credentials-play-services-auth:1.5.0-rc01] AndroidManifest.xml:36:13-87
91            android:enabled="true"
91-->[androidx.credentials:credentials-play-services-auth:1.5.0-rc01] AndroidManifest.xml:37:13-35
92            android:exported="false"
92-->[androidx.credentials:credentials-play-services-auth:1.5.0-rc01] AndroidManifest.xml:38:13-37
93            android:fitsSystemWindows="true"
93-->[androidx.credentials:credentials-play-services-auth:1.5.0-rc01] AndroidManifest.xml:39:13-45
94            android:theme="@style/Theme.Hidden" >
94-->[androidx.credentials:credentials-play-services-auth:1.5.0-rc01] AndroidManifest.xml:40:13-48
95        </activity>
96        <activity
96-->[androidx.credentials:credentials-play-services-auth:1.5.0-rc01] AndroidManifest.xml:42:9-49:20
97            android:name="androidx.credentials.playservices.IdentityCredentialApiHiddenActivity"
97-->[androidx.credentials:credentials-play-services-auth:1.5.0-rc01] AndroidManifest.xml:43:13-97
98            android:configChanges="orientation|screenSize|screenLayout|keyboardHidden"
98-->[androidx.credentials:credentials-play-services-auth:1.5.0-rc01] AndroidManifest.xml:44:13-87
99            android:enabled="true"
99-->[androidx.credentials:credentials-play-services-auth:1.5.0-rc01] AndroidManifest.xml:45:13-35
100            android:exported="false"
100-->[androidx.credentials:credentials-play-services-auth:1.5.0-rc01] AndroidManifest.xml:46:13-37
101            android:fitsSystemWindows="true"
101-->[androidx.credentials:credentials-play-services-auth:1.5.0-rc01] AndroidManifest.xml:47:13-45
102            android:theme="@style/Theme.Hidden" >
102-->[androidx.credentials:credentials-play-services-auth:1.5.0-rc01] AndroidManifest.xml:48:13-48
103        </activity>
104
105        <meta-data
105-->[com.android.billingclient:billing:7.1.1] AndroidManifest.xml:22:9-24:37
106            android:name="com.google.android.play.billingclient.version"
106-->[com.android.billingclient:billing:7.1.1] AndroidManifest.xml:23:13-73
107            android:value="7.1.1" />
107-->[com.android.billingclient:billing:7.1.1] AndroidManifest.xml:24:13-34
108
109        <activity
109-->[com.android.billingclient:billing:7.1.1] AndroidManifest.xml:26:9-30:75
110            android:name="com.android.billingclient.api.ProxyBillingActivity"
110-->[com.android.billingclient:billing:7.1.1] AndroidManifest.xml:27:13-78
111            android:configChanges="keyboard|keyboardHidden|screenLayout|screenSize|orientation"
111-->[com.android.billingclient:billing:7.1.1] AndroidManifest.xml:28:13-96
112            android:exported="false"
112-->[com.android.billingclient:billing:7.1.1] AndroidManifest.xml:29:13-37
113            android:theme="@android:style/Theme.Translucent.NoTitleBar" />
113-->[com.android.billingclient:billing:7.1.1] AndroidManifest.xml:30:13-72
114        <activity
114-->[com.android.billingclient:billing:7.1.1] AndroidManifest.xml:31:9-35:75
115            android:name="com.android.billingclient.api.ProxyBillingActivityV2"
115-->[com.android.billingclient:billing:7.1.1] AndroidManifest.xml:32:13-80
116            android:configChanges="keyboard|keyboardHidden|screenLayout|screenSize|orientation"
116-->[com.android.billingclient:billing:7.1.1] AndroidManifest.xml:33:13-96
117            android:exported="false"
117-->[com.android.billingclient:billing:7.1.1] AndroidManifest.xml:34:13-37
118            android:theme="@android:style/Theme.Translucent.NoTitleBar" />
118-->[com.android.billingclient:billing:7.1.1] AndroidManifest.xml:35:13-72
119        <activity
119-->[com.google.android.gms:play-services-auth:21.1.1] AndroidManifest.xml:23:9-27:75
120            android:name="com.google.android.gms.auth.api.signin.internal.SignInHubActivity"
120-->[com.google.android.gms:play-services-auth:21.1.1] AndroidManifest.xml:24:13-93
121            android:excludeFromRecents="true"
121-->[com.google.android.gms:play-services-auth:21.1.1] AndroidManifest.xml:25:13-46
122            android:exported="false"
122-->[com.google.android.gms:play-services-auth:21.1.1] AndroidManifest.xml:26:13-37
123            android:theme="@android:style/Theme.Translucent.NoTitleBar" />
123-->[com.google.android.gms:play-services-auth:21.1.1] AndroidManifest.xml:27:13-72
124        <!--
125            Service handling Google Sign-In user revocation. For apps that do not integrate with
126            Google Sign-In, this service will never be started.
127        -->
128        <service
128-->[com.google.android.gms:play-services-auth:21.1.1] AndroidManifest.xml:33:9-37:51
129            android:name="com.google.android.gms.auth.api.signin.RevocationBoundService"
129-->[com.google.android.gms:play-services-auth:21.1.1] AndroidManifest.xml:34:13-89
130            android:exported="true"
130-->[com.google.android.gms:play-services-auth:21.1.1] AndroidManifest.xml:35:13-36
131            android:permission="com.google.android.gms.auth.api.signin.permission.REVOCATION_NOTIFICATION"
131-->[com.google.android.gms:play-services-auth:21.1.1] AndroidManifest.xml:36:13-107
132            android:visibleToInstantApps="true" />
132-->[com.google.android.gms:play-services-auth:21.1.1] AndroidManifest.xml:37:13-48
133        <service
133-->[com.google.firebase:firebase-messaging-ktx:24.1.0] AndroidManifest.xml:23:9-29:19
134            android:name="com.google.firebase.components.ComponentDiscoveryService"
134-->[com.google.firebase:firebase-messaging-ktx:24.1.0] AndroidManifest.xml:24:13-84
135            android:directBootAware="true"
135-->[com.google.firebase:firebase-common:21.0.0] AndroidManifest.xml:32:13-43
136            android:exported="false" >
136-->[com.google.firebase:firebase-messaging-ktx:24.1.0] AndroidManifest.xml:25:13-37
137            <meta-data
137-->[com.google.firebase:firebase-messaging-ktx:24.1.0] AndroidManifest.xml:26:13-28:85
138                android:name="com.google.firebase.components:com.google.firebase.messaging.ktx.FirebaseMessagingLegacyRegistrar"
138-->[com.google.firebase:firebase-messaging-ktx:24.1.0] AndroidManifest.xml:27:17-129
139                android:value="com.google.firebase.components.ComponentRegistrar" />
139-->[com.google.firebase:firebase-messaging-ktx:24.1.0] AndroidManifest.xml:28:17-82
140            <meta-data
140-->[com.google.firebase:firebase-messaging:24.1.0] AndroidManifest.xml:57:13-59:85
141                android:name="com.google.firebase.components:com.google.firebase.messaging.FirebaseMessagingKtxRegistrar"
141-->[com.google.firebase:firebase-messaging:24.1.0] AndroidManifest.xml:58:17-122
142                android:value="com.google.firebase.components.ComponentRegistrar" />
142-->[com.google.firebase:firebase-messaging:24.1.0] AndroidManifest.xml:59:17-82
143            <meta-data
143-->[com.google.firebase:firebase-messaging:24.1.0] AndroidManifest.xml:60:13-62:85
144                android:name="com.google.firebase.components:com.google.firebase.messaging.FirebaseMessagingRegistrar"
144-->[com.google.firebase:firebase-messaging:24.1.0] AndroidManifest.xml:61:17-119
145                android:value="com.google.firebase.components.ComponentRegistrar" />
145-->[com.google.firebase:firebase-messaging:24.1.0] AndroidManifest.xml:62:17-82
146            <meta-data
146-->[com.google.firebase:firebase-analytics-ktx:22.3.0] AndroidManifest.xml:11:13-13:85
147                android:name="com.google.firebase.components:com.google.firebase.analytics.ktx.FirebaseAnalyticsLegacyRegistrar"
147-->[com.google.firebase:firebase-analytics-ktx:22.3.0] AndroidManifest.xml:12:17-129
148                android:value="com.google.firebase.components.ComponentRegistrar" />
148-->[com.google.firebase:firebase-analytics-ktx:22.3.0] AndroidManifest.xml:13:17-82
149            <meta-data
149-->[com.google.firebase:firebase-crashlytics-ktx:19.4.1] AndroidManifest.xml:24:13-26:85
150                android:name="com.google.firebase.components:com.google.firebase.crashlytics.ktx.FirebaseCrashlyticsKtxRegistrar"
150-->[com.google.firebase:firebase-crashlytics-ktx:19.4.1] AndroidManifest.xml:25:17-130
151                android:value="com.google.firebase.components.ComponentRegistrar" />
151-->[com.google.firebase:firebase-crashlytics-ktx:19.4.1] AndroidManifest.xml:26:17-82
152            <meta-data
152-->[com.google.firebase:firebase-crashlytics:19.4.1] AndroidManifest.xml:15:13-17:85
153                android:name="com.google.firebase.components:com.google.firebase.crashlytics.FirebaseCrashlyticsKtxRegistrar"
153-->[com.google.firebase:firebase-crashlytics:19.4.1] AndroidManifest.xml:16:17-126
154                android:value="com.google.firebase.components.ComponentRegistrar" />
154-->[com.google.firebase:firebase-crashlytics:19.4.1] AndroidManifest.xml:17:17-82
155            <meta-data
155-->[com.google.firebase:firebase-crashlytics:19.4.1] AndroidManifest.xml:18:13-20:85
156                android:name="com.google.firebase.components:com.google.firebase.crashlytics.CrashlyticsRegistrar"
156-->[com.google.firebase:firebase-crashlytics:19.4.1] AndroidManifest.xml:19:17-115
157                android:value="com.google.firebase.components.ComponentRegistrar" />
157-->[com.google.firebase:firebase-crashlytics:19.4.1] AndroidManifest.xml:20:17-82
158            <meta-data
158-->[com.google.android.gms:play-services-measurement-api:22.3.0] AndroidManifest.xml:33:13-35:85
159                android:name="com.google.firebase.components:com.google.firebase.analytics.connector.internal.AnalyticsConnectorRegistrar"
159-->[com.google.android.gms:play-services-measurement-api:22.3.0] AndroidManifest.xml:34:17-139
160                android:value="com.google.firebase.components.ComponentRegistrar" />
160-->[com.google.android.gms:play-services-measurement-api:22.3.0] AndroidManifest.xml:35:17-82
161            <meta-data
161-->[com.google.firebase:firebase-sessions:2.0.9] AndroidManifest.xml:29:13-31:85
162                android:name="com.google.firebase.components:com.google.firebase.sessions.FirebaseSessionsRegistrar"
162-->[com.google.firebase:firebase-sessions:2.0.9] AndroidManifest.xml:30:17-117
163                android:value="com.google.firebase.components.ComponentRegistrar" />
163-->[com.google.firebase:firebase-sessions:2.0.9] AndroidManifest.xml:31:17-82
164            <meta-data
164-->[com.google.firebase:firebase-installations:18.0.0] AndroidManifest.xml:15:13-17:85
165                android:name="com.google.firebase.components:com.google.firebase.installations.FirebaseInstallationsKtxRegistrar"
165-->[com.google.firebase:firebase-installations:18.0.0] AndroidManifest.xml:16:17-130
166                android:value="com.google.firebase.components.ComponentRegistrar" />
166-->[com.google.firebase:firebase-installations:18.0.0] AndroidManifest.xml:17:17-82
167            <meta-data
167-->[com.google.firebase:firebase-installations:18.0.0] AndroidManifest.xml:18:13-20:85
168                android:name="com.google.firebase.components:com.google.firebase.installations.FirebaseInstallationsRegistrar"
168-->[com.google.firebase:firebase-installations:18.0.0] AndroidManifest.xml:19:17-127
169                android:value="com.google.firebase.components.ComponentRegistrar" />
169-->[com.google.firebase:firebase-installations:18.0.0] AndroidManifest.xml:20:17-82
170            <meta-data
170-->[com.google.firebase:firebase-common-ktx:21.0.0] AndroidManifest.xml:12:13-14:85
171                android:name="com.google.firebase.components:com.google.firebase.ktx.FirebaseCommonLegacyRegistrar"
171-->[com.google.firebase:firebase-common-ktx:21.0.0] AndroidManifest.xml:13:17-116
172                android:value="com.google.firebase.components.ComponentRegistrar" />
172-->[com.google.firebase:firebase-common-ktx:21.0.0] AndroidManifest.xml:14:17-82
173            <meta-data
173-->[com.google.firebase:firebase-common:21.0.0] AndroidManifest.xml:35:13-37:85
174                android:name="com.google.firebase.components:com.google.firebase.FirebaseCommonKtxRegistrar"
174-->[com.google.firebase:firebase-common:21.0.0] AndroidManifest.xml:36:17-109
175                android:value="com.google.firebase.components.ComponentRegistrar" />
175-->[com.google.firebase:firebase-common:21.0.0] AndroidManifest.xml:37:17-82
176            <meta-data
176-->[com.google.firebase:firebase-datatransport:19.0.0] AndroidManifest.xml:25:13-27:85
177                android:name="com.google.firebase.components:com.google.firebase.datatransport.TransportRegistrar"
177-->[com.google.firebase:firebase-datatransport:19.0.0] AndroidManifest.xml:26:17-115
178                android:value="com.google.firebase.components.ComponentRegistrar" />
178-->[com.google.firebase:firebase-datatransport:19.0.0] AndroidManifest.xml:27:17-82
179        </service>
180
181        <receiver
181-->[com.google.firebase:firebase-messaging:24.1.0] AndroidManifest.xml:29:9-40:20
182            android:name="com.google.firebase.iid.FirebaseInstanceIdReceiver"
182-->[com.google.firebase:firebase-messaging:24.1.0] AndroidManifest.xml:30:13-78
183            android:exported="true"
183-->[com.google.firebase:firebase-messaging:24.1.0] AndroidManifest.xml:31:13-36
184            android:permission="com.google.android.c2dm.permission.SEND" >
184-->[com.google.firebase:firebase-messaging:24.1.0] AndroidManifest.xml:32:13-73
185            <intent-filter>
185-->[com.google.firebase:firebase-messaging:24.1.0] AndroidManifest.xml:33:13-35:29
186                <action android:name="com.google.android.c2dm.intent.RECEIVE" />
186-->[com.google.firebase:firebase-messaging:24.1.0] AndroidManifest.xml:34:17-81
186-->[com.google.firebase:firebase-messaging:24.1.0] AndroidManifest.xml:34:25-78
187            </intent-filter>
188
189            <meta-data
189-->[com.google.firebase:firebase-messaging:24.1.0] AndroidManifest.xml:37:13-39:40
190                android:name="com.google.android.gms.cloudmessaging.FINISHED_AFTER_HANDLED"
190-->[com.google.firebase:firebase-messaging:24.1.0] AndroidManifest.xml:38:17-92
191                android:value="true" />
191-->[com.google.firebase:firebase-messaging:24.1.0] AndroidManifest.xml:39:17-37
192        </receiver>
193        <!--
194             FirebaseMessagingService performs security checks at runtime,
195             but set to not exported to explicitly avoid allowing another app to call it.
196        -->
197        <service
197-->[com.google.firebase:firebase-messaging:24.1.0] AndroidManifest.xml:46:9-53:19
198            android:name="com.google.firebase.messaging.FirebaseMessagingService"
198-->[com.google.firebase:firebase-messaging:24.1.0] AndroidManifest.xml:47:13-82
199            android:directBootAware="true"
199-->[com.google.firebase:firebase-messaging:24.1.0] AndroidManifest.xml:48:13-43
200            android:exported="false" >
200-->[com.google.firebase:firebase-messaging:24.1.0] AndroidManifest.xml:49:13-37
201            <intent-filter android:priority="-500" >
201-->src/main/AndroidManifest.xml:34:13-36:29
202                <action android:name="com.google.firebase.MESSAGING_EVENT" />
202-->src/main/AndroidManifest.xml:35:17-78
202-->src/main/AndroidManifest.xml:35:25-75
203            </intent-filter>
204        </service>
205
206        <receiver
206-->[com.google.android.gms:play-services-measurement:22.3.0] AndroidManifest.xml:29:9-33:20
207            android:name="com.google.android.gms.measurement.AppMeasurementReceiver"
207-->[com.google.android.gms:play-services-measurement:22.3.0] AndroidManifest.xml:30:13-85
208            android:enabled="true"
208-->[com.google.android.gms:play-services-measurement:22.3.0] AndroidManifest.xml:31:13-35
209            android:exported="false" >
209-->[com.google.android.gms:play-services-measurement:22.3.0] AndroidManifest.xml:32:13-37
210        </receiver>
211
212        <service
212-->[com.google.android.gms:play-services-measurement:22.3.0] AndroidManifest.xml:35:9-38:40
213            android:name="com.google.android.gms.measurement.AppMeasurementService"
213-->[com.google.android.gms:play-services-measurement:22.3.0] AndroidManifest.xml:36:13-84
214            android:enabled="true"
214-->[com.google.android.gms:play-services-measurement:22.3.0] AndroidManifest.xml:37:13-35
215            android:exported="false" />
215-->[com.google.android.gms:play-services-measurement:22.3.0] AndroidManifest.xml:38:13-37
216        <service
216-->[com.google.android.gms:play-services-measurement:22.3.0] AndroidManifest.xml:39:9-43:72
217            android:name="com.google.android.gms.measurement.AppMeasurementJobService"
217-->[com.google.android.gms:play-services-measurement:22.3.0] AndroidManifest.xml:40:13-87
218            android:enabled="true"
218-->[com.google.android.gms:play-services-measurement:22.3.0] AndroidManifest.xml:41:13-35
219            android:exported="false"
219-->[com.google.android.gms:play-services-measurement:22.3.0] AndroidManifest.xml:42:13-37
220            android:permission="android.permission.BIND_JOB_SERVICE" />
220-->[com.google.android.gms:play-services-measurement:22.3.0] AndroidManifest.xml:43:13-69
221
222        <activity
222-->[com.google.android.gms:play-services-base:18.5.0] AndroidManifest.xml:5:9-173
223            android:name="com.google.android.gms.common.api.GoogleApiActivity"
223-->[com.google.android.gms:play-services-base:18.5.0] AndroidManifest.xml:5:19-85
224            android:exported="false"
224-->[com.google.android.gms:play-services-base:18.5.0] AndroidManifest.xml:5:146-170
225            android:theme="@android:style/Theme.Translucent.NoTitleBar" />
225-->[com.google.android.gms:play-services-base:18.5.0] AndroidManifest.xml:5:86-145
226
227        <service
227-->[com.google.firebase:firebase-sessions:2.0.9] AndroidManifest.xml:22:9-25:40
228            android:name="com.google.firebase.sessions.SessionLifecycleService"
228-->[com.google.firebase:firebase-sessions:2.0.9] AndroidManifest.xml:23:13-80
229            android:enabled="true"
229-->[com.google.firebase:firebase-sessions:2.0.9] AndroidManifest.xml:24:13-35
230            android:exported="false" />
230-->[com.google.firebase:firebase-sessions:2.0.9] AndroidManifest.xml:25:13-37
231
232        <provider
232-->[com.google.firebase:firebase-common:21.0.0] AndroidManifest.xml:23:9-28:39
233            android:name="com.google.firebase.provider.FirebaseInitProvider"
233-->[com.google.firebase:firebase-common:21.0.0] AndroidManifest.xml:24:13-77
234            android:authorities="com.casha.app.firebaseinitprovider"
234-->[com.google.firebase:firebase-common:21.0.0] AndroidManifest.xml:25:13-72
235            android:directBootAware="true"
235-->[com.google.firebase:firebase-common:21.0.0] AndroidManifest.xml:26:13-43
236            android:exported="false"
236-->[com.google.firebase:firebase-common:21.0.0] AndroidManifest.xml:27:13-37
237            android:initOrder="100" />
237-->[com.google.firebase:firebase-common:21.0.0] AndroidManifest.xml:28:13-36
238
239        <service
239-->[androidx.room:room-runtime-android:2.7.0-rc01] AndroidManifest.xml:24:9-28:63
240            android:name="androidx.room.MultiInstanceInvalidationService"
240-->[androidx.room:room-runtime-android:2.7.0-rc01] AndroidManifest.xml:25:13-74
241            android:directBootAware="true"
241-->[androidx.room:room-runtime-android:2.7.0-rc01] AndroidManifest.xml:26:13-43
242            android:exported="false" />
242-->[androidx.room:room-runtime-android:2.7.0-rc01] AndroidManifest.xml:27:13-37
243
244        <provider
244-->[androidx.emoji2:emoji2:1.3.0] AndroidManifest.xml:24:9-32:20
245            android:name="androidx.startup.InitializationProvider"
245-->[androidx.emoji2:emoji2:1.3.0] AndroidManifest.xml:25:13-67
246            android:authorities="com.casha.app.androidx-startup"
246-->[androidx.emoji2:emoji2:1.3.0] AndroidManifest.xml:26:13-68
247            android:exported="false" >
247-->[androidx.emoji2:emoji2:1.3.0] AndroidManifest.xml:27:13-37
248            <meta-data
248-->[androidx.emoji2:emoji2:1.3.0] AndroidManifest.xml:29:13-31:52
249                android:name="androidx.emoji2.text.EmojiCompatInitializer"
249-->[androidx.emoji2:emoji2:1.3.0] AndroidManifest.xml:30:17-75
250                android:value="androidx.startup" />
250-->[androidx.emoji2:emoji2:1.3.0] AndroidManifest.xml:31:17-49
251            <meta-data
251-->[androidx.lifecycle:lifecycle-process:2.8.7] AndroidManifest.xml:29:13-31:52
252                android:name="androidx.lifecycle.ProcessLifecycleInitializer"
252-->[androidx.lifecycle:lifecycle-process:2.8.7] AndroidManifest.xml:30:17-78
253                android:value="androidx.startup" />
253-->[androidx.lifecycle:lifecycle-process:2.8.7] AndroidManifest.xml:31:17-49
254            <meta-data